
> rongjunwang.com@0.0.0 start /home/yunxin/rongjunwang.com
> node ./bin/www

[0mGET / [36m304 [0m491.163 ms - -[0m
[0mGET /stylesheets/style.css [36m304 [0m3.389 ms - -[0m

> rongjunwang.com@0.0.0 start /home/yunxin/rongjunwang.com
> node ./bin/www

[0mGET / [36m304 [0m443.802 ms - -[0m
[0mGET / [32m200 [0m50.600 ms - 170[0m
[0mGET /stylesheets/style.css [36m304 [0m3.190 ms - -[0m
[0mGET / [36m304 [0m69.876 ms - -[0m
[0mGET /stylesheets/style.css [36m304 [0m0.928 ms - -[0m
[0mGET / [36m304 [0m18.695 ms - -[0m
[0mGET / [32m200 [0m22.106 ms - 170[0m
[0mGET / [32m200 [0m21.811 ms - 170[0m
[0mGET /stylesheets/style.css [36m304 [0m0.647 ms - -[0m
[0mGET / [36m304 [0m15.140 ms - -[0m
[0mGET / [32m200 [0m16.186 ms - 170[0m
[0mGET / [32m200 [0m13.305 ms - 170[0m
[0mGET /stylesheets/style.css [36m304 [0m1.969 ms - -[0m
[0mGET / [36m304 [0m19.086 ms - -[0m
[0mGET / [36m304 [0m10.543 ms - -[0m
[0mGET / [32m200 [0m10.087 ms - 170[0m
[0mGET / [32m200 [0m16.362 ms - 170[0m
[0mGET /stylesheets/style.css [36m304 [0m1.847 ms - -[0m
[0mGET / [36m304 [0m10.419 ms - -[0m
[0mGET /stylesheets/style.css [36m304 [0m1.456 ms - -[0m
[0mGET / [36m304 [0m13.710 ms - -[0m
[0mGET /stylesheets/style.css [36m304 [0m0.653 ms - -[0m
[0mGET / [36m304 [0m7.872 ms - -[0m
[0mGET /stylesheets/style.css [36m304 [0m0.447 ms - -[0m
[0mGET / [32m200 [0m7.078 ms - 170[0m
[0mGET / [36m304 [0m6.611 ms - -[0m
[0mGET / [36m304 [0m13.688 ms - -[0m
[0mGET / [36m304 [0m9.404 ms - -[0m
[0mGET /stylesheets/style.css [36m304 [0m0.487 ms - -[0m
[0mGET / [36m304 [0m8.094 ms - -[0m
[0mGET /stylesheets/style.css [36m304 [0m1.089 ms - -[0m
[0mGET / [36m304 [0m15.425 ms - -[0m
[0mGET /stylesheets/style.css [36m304 [0m0.787 ms - -[0m
[0mGET / [36m304 [0m8.049 ms - -[0m
[0mGET / [36m304 [0m21.013 ms - -[0m
[0mGET / [36m304 [0m6.319 ms - -[0m
[0mGET /stylesheets/style.css [32m200 [0m3.142 ms - 111[0m
[0mGET / [36m304 [0m10.231 ms - -[0m
[0mGET /stylesheets/style.css [36m304 [0m1.090 ms - -[0m
[0mGET / [36m304 [0m11.753 ms - -[0m
[0mGET /stylesheets/style.css [36m304 [0m1.476 ms - -[0m
[0mGET / [36m304 [0m12.010 ms - -[0m
[0mGET /stylesheets/style.css [36m304 [0m0.424 ms - -[0m
[0mGET / [36m304 [0m8.552 ms - -[0m
[0mGET /stylesheets/style.css [36m304 [0m0.462 ms - -[0m
[0mGET / [36m304 [0m7.040 ms - -[0m
[0mGET /stylesheets/style.css [36m304 [0m0.510 ms - -[0m
[0mGET / [36m304 [0m6.911 ms - -[0m
[0mGET /stylesheets/style.css [36m304 [0m0.508 ms - -[0m
[0mGET / [36m304 [0m7.275 ms - -[0m
[0mGET /stylesheets/style.css [36m304 [0m1.257 ms - -[0m
[0mGET / [32m200 [0m9.002 ms - 170[0m
[0mGET / [32m200 [0m7.539 ms - 170[0m
[0mGET / [32m200 [0m7.291 ms - 170[0m
[0mGET / [32m200 [0m7.522 ms - 170[0m
[0mGET / [32m200 [0m7.631 ms - 170[0m
[0mGET / [32m200 [0m9.231 ms - 170[0m
[0mGET / [32m200 [0m33.849 ms - 170[0m
[0mGET / [32m200 [0m60.867 ms - 170[0m
[0mGET / [32m200 [0m57.126 ms - 170[0m
[0mGET / [32m200 [0m24.259 ms - 170[0m
[0mGET / [32m200 [0m11.303 ms - 170[0m
[0mGET / [32m200 [0m21.105 ms - 170[0m
[0mGET / [32m200 [0m9.467 ms - 170[0m
[0mGET / [32m200 [0m16.813 ms - 170[0m
[0mGET / [32m200 [0m8.968 ms - 170[0m
[0mGET / [32m200 [0m8.023 ms - 170[0m
[0mGET / [32m200 [0m9.696 ms - 170[0m
[0mGET / [32m200 [0m8.286 ms - 170[0m
[0mGET / [32m200 [0m10.165 ms - 170[0m
[0mGET / [32m200 [0m11.297 ms - 170[0m
[0mGET / [32m200 [0m6.945 ms - 170[0m
[0mGET / [32m200 [0m11.112 ms - 170[0m
[0mGET / [32m200 [0m13.624 ms - 170[0m
[0mGET / [32m200 [0m10.185 ms - 170[0m
[0mGET / [32m200 [0m18.887 ms - 170[0m
[0mGET / [32m200 [0m9.655 ms - 170[0m
[0mGET / [32m200 [0m7.106 ms - 170[0m
[0mGET / [32m200 [0m10.999 ms - 170[0m
[0mGET / [32m200 [0m8.629 ms - 170[0m
[0mGET / [32m200 [0m14.504 ms - 170[0m
[0mGET / [32m200 [0m17.866 ms - 170[0m
[0mGET / [32m200 [0m14.318 ms - 170[0m
[0mGET / [32m200 [0m6.419 ms - 170[0m
[0mGET / [32m200 [0m9.529 ms - 170[0m
[0mGET / [32m200 [0m6.462 ms - 170[0m
[0mGET / [32m200 [0m4.444 ms - 170[0m
[0mGET / [32m200 [0m5.124 ms - 170[0m
[0mGET / [32m200 [0m4.877 ms - 170[0m
[0mGET / [32m200 [0m5.041 ms - 170[0m
[0mGET / [32m200 [0m6.649 ms - 170[0m
[0mGET / [32m200 [0m8.899 ms - 170[0m
[0mGET / [32m200 [0m5.244 ms - 170[0m
[0mGET / [32m200 [0m5.288 ms - 170[0m
[0mGET / [32m200 [0m7.515 ms - 170[0m
[0mGET / [32m200 [0m5.162 ms - 170[0m
[0mGET / [32m200 [0m4.953 ms - 170[0m
[0mGET / [32m200 [0m4.671 ms - 170[0m
[0mGET / [32m200 [0m5.061 ms - 170[0m
[0mGET / [32m200 [0m7.101 ms - 170[0m
[0mGET / [32m200 [0m4.331 ms - 170[0m
[0mGET / [32m200 [0m9.656 ms - 170[0m
[0mGET / [32m200 [0m14.606 ms - 170[0m
[0mGET / [32m200 [0m5.361 ms - 170[0m
[0mGET / [32m200 [0m7.387 ms - 170[0m
[0mGET / [32m200 [0m5.122 ms - 170[0m
[0mGET / [32m200 [0m6.437 ms - 170[0m
[0mGET / [32m200 [0m5.930 ms - 170[0m
[0mGET / [32m200 [0m4.941 ms - 170[0m
[0mGET / [32m200 [0m5.255 ms - 170[0m
[0mGET / [32m200 [0m6.471 ms - 170[0m
[0mGET / [32m200 [0m5.671 ms - 170[0m
[0mGET / [32m200 [0m7.300 ms - 170[0m
[0mGET / [32m200 [0m5.949 ms - 170[0m
[0mGET / [32m200 [0m6.272 ms - 170[0m
[0mGET / [32m200 [0m5.004 ms - 170[0m
[0mGET / [32m200 [0m4.244 ms - 170[0m
[0mGET / [32m200 [0m4.656 ms - 170[0m
[0mGET / [32m200 [0m5.690 ms - 170[0m
[0mGET / [32m200 [0m4.423 ms - 170[0m
[0mGET / [32m200 [0m6.094 ms - 170[0m
[0mGET / [32m200 [0m6.185 ms - 170[0m
[0mGET / [32m200 [0m5.876 ms - 170[0m
[0mGET / [32m200 [0m4.798 ms - 170[0m
[0mGET / [32m200 [0m4.312 ms - 170[0m
[0mGET / [32m200 [0m5.420 ms - 170[0m
[0mGET / [32m200 [0m7.996 ms - 170[0m
[0mGET / [32m200 [0m4.701 ms - 170[0m
[0mGET / [32m200 [0m10.093 ms - 170[0m
[0mGET / [32m200 [0m4.863 ms - 170[0m
[0mGET / [32m200 [0m6.576 ms - 170[0m
[0mGET / [32m200 [0m9.561 ms - 170[0m
[0mGET / [32m200 [0m4.420 ms - 170[0m
[0mGET / [32m200 [0m6.490 ms - 170[0m
[0mGET / [32m200 [0m4.983 ms - 170[0m
[0mGET / [32m200 [0m8.908 ms - 170[0m
[0mGET / [32m200 [0m4.257 ms - 170[0m
[0mGET / [32m200 [0m4.952 ms - 170[0m
[0mGET / [32m200 [0m4.057 ms - 170[0m
[0mGET / [32m200 [0m4.872 ms - 170[0m
[0mGET / [32m200 [0m10.737 ms - 170[0m
[0mGET / [32m200 [0m4.163 ms - 170[0m
[0mGET / [32m200 [0m5.151 ms - 170[0m
[0mGET / [32m200 [0m5.121 ms - 170[0m
[0mGET / [32m200 [0m5.640 ms - 170[0m
[0mGET / [32m200 [0m5.220 ms - 170[0m
[0mGET / [32m200 [0m4.532 ms - 170[0m
[0mGET / [32m200 [0m4.454 ms - 170[0m
[0mGET / [32m200 [0m5.897 ms - 170[0m
[0mGET / [32m200 [0m6.666 ms - 170[0m
[0mGET / [32m200 [0m33.770 ms - 170[0m
[0mGET / [32m200 [0m5.012 ms - 170[0m
[0mGET / [32m200 [0m4.198 ms - 170[0m
[0mGET / [32m200 [0m3.950 ms - 170[0m
[0mGET / [32m200 [0m4.646 ms - 170[0m
[0mGET / [32m200 [0m3.900 ms - 170[0m
[0mGET / [32m200 [0m4.734 ms - 170[0m
[0mGET / [32m200 [0m4.799 ms - 170[0m
[0mGET / [32m200 [0m5.060 ms - 170[0m
[0mGET / [32m200 [0m12.187 ms - 170[0m
[0mGET / [32m200 [0m6.417 ms - 170[0m
[0mGET / [32m200 [0m4.674 ms - 170[0m
[0mGET / [32m200 [0m4.972 ms - 170[0m
[0mGET / [32m200 [0m6.821 ms - 170[0m
[0mGET / [32m200 [0m4.536 ms - 170[0m
[0mGET / [32m200 [0m6.116 ms - 170[0m
[0mGET / [32m200 [0m4.321 ms - 170[0m
[0mGET / [32m200 [0m5.533 ms - 170[0m
[0mGET / [32m200 [0m6.158 ms - 170[0m
[0mGET / [32m200 [0m5.912 ms - 170[0m
[0mGET / [32m200 [0m4.968 ms - 170[0m
[0mGET / [32m200 [0m4.119 ms - 170[0m
[0mGET / [32m200 [0m11.416 ms - 170[0m
[0mGET / [32m200 [0m4.548 ms - 170[0m
[0mGET / [32m200 [0m4.306 ms - 170[0m
[0mGET / [32m200 [0m4.758 ms - 170[0m
[0mGET / [32m200 [0m4.688 ms - 170[0m
[0mGET / [32m200 [0m4.150 ms - 170[0m
[0mGET / [32m200 [0m5.298 ms - 170[0m
[0mGET / [32m200 [0m4.256 ms - 170[0m
[0mGET / [32m200 [0m4.862 ms - 170[0m
[0mGET / [32m200 [0m5.015 ms - 170[0m
[0mGET / [32m200 [0m8.093 ms - 170[0m
[0mGET / [32m200 [0m5.033 ms - 170[0m
[0mGET / [32m200 [0m4.762 ms - 170[0m
[0mGET / [32m200 [0m13.519 ms - 170[0m
[0mGET / [32m200 [0m4.530 ms - 170[0m
[0mGET / [32m200 [0m4.591 ms - 170[0m
[0mGET / [32m200 [0m4.256 ms - 170[0m
[0mGET / [32m200 [0m4.388 ms - 170[0m
[0mGET / [32m200 [0m4.331 ms - 170[0m
[0mGET / [32m200 [0m3.776 ms - 170[0m
[0mGET /robots.txt [33m404 [0m9.059 ms - 1095[0m
[0mGET / [32m200 [0m5.138 ms - 170[0m
[0mGET / [32m200 [0m4.395 ms - 170[0m
[0mGET / [32m200 [0m9.550 ms - 170[0m
[0mGET / [32m200 [0m5.240 ms - 170[0m
[0mGET / [32m200 [0m5.104 ms - 170[0m
[0mGET / [32m200 [0m4.588 ms - 170[0m
[0mGET / [32m200 [0m5.483 ms - 170[0m
[0mGET / [32m200 [0m4.905 ms - 170[0m
[0mGET / [32m200 [0m8.244 ms - 170[0m
[0mGET /rongjunrensh/class/?0.html [33m404 [0m5.617 ms - 1095[0m
[0mGET /bbx/237385-237404.html [33m404 [0m5.226 ms - 1095[0m
[0mGET /bbx/news-121551.html [33m404 [0m6.021 ms - 1095[0m
[0mGET /bbx/news-120873.html [33m404 [0m5.289 ms - 1095[0m
[0mGET /junqinglw/class/?104.html [33m404 [0m5.898 ms - 1095[0m
[0mGET /rongjunjilu/class/?81.html [33m404 [0m5.265 ms - 1095[0m
[0mGET / [32m200 [0m5.103 ms - 170[0m
[0mGET / [32m200 [0m3.983 ms - 170[0m
[0mGET / [32m200 [0m5.221 ms - 170[0m
[0mGET / [32m200 [0m5.188 ms - 170[0m
[0mGET / [32m200 [0m5.866 ms - 170[0m
[0mGET / [32m200 [0m5.870 ms - 170[0m
[0mGET / [32m200 [0m5.505 ms - 170[0m
[0mGET / [32m200 [0m6.584 ms - 170[0m
[0mGET / [32m200 [0m5.767 ms - 170[0m
[0mGET / [32m200 [0m7.793 ms - 170[0m
[0mGET / [32m200 [0m5.907 ms - 170[0m
[0mGET / [32m200 [0m7.752 ms - 170[0m
[0mGET / [32m200 [0m4.530 ms - 170[0m
[0mGET / [32m200 [0m5.078 ms - 170[0m
[0mGET / [32m200 [0m4.688 ms - 170[0m
[0mGET / [32m200 [0m4.939 ms - 170[0m
[0mGET / [32m200 [0m4.538 ms - 170[0m
[0mGET / [32m200 [0m5.957 ms - 170[0m
[0mGET / [32m200 [0m6.275 ms - 170[0m
[0mGET / [32m200 [0m5.532 ms - 170[0m
[0mGET / [32m200 [0m4.243 ms - 170[0m
[0mGET / [32m200 [0m4.645 ms - 170[0m
[0mGET / [32m200 [0m4.713 ms - 170[0m
[0mGET / [32m200 [0m4.453 ms - 170[0m
[0mGET / [32m200 [0m4.762 ms - 170[0m
[0mGET / [32m200 [0m4.041 ms - 170[0m
[0mGET / [32m200 [0m4.838 ms - 170[0m
[0mGET / [32m200 [0m4.780 ms - 170[0m
[0mGET / [32m200 [0m3.989 ms - 170[0m
[0mGET / [32m200 [0m4.806 ms - 170[0m
[0mGET / [32m200 [0m4.597 ms - 170[0m
[0mGET / [32m200 [0m3.863 ms - 170[0m
[0mGET / [32m200 [0m4.679 ms - 170[0m
[0mGET / [32m200 [0m4.875 ms - 170[0m
[0mGET / [32m200 [0m4.840 ms - 170[0m
[0mGET / [32m200 [0m6.751 ms - 170[0m
[0mGET / [32m200 [0m4.014 ms - 170[0m
[0mGET / [32m200 [0m5.093 ms - 170[0m
[0mGET / [32m200 [0m4.514 ms - 170[0m
[0mGET / [32m200 [0m4.181 ms - 170[0m
[0mGET / [32m200 [0m9.543 ms - 170[0m
[0mGET / [32m200 [0m4.645 ms - 170[0m
[0mGET / [32m200 [0m3.832 ms - 170[0m
[0mGET / [32m200 [0m4.448 ms - 170[0m
[0mGET / [32m200 [0m4.110 ms - 170[0m
[0mGET / [32m200 [0m4.504 ms - 170[0m
[0mGET / [32m200 [0m4.829 ms - 170[0m
[0mGET / [32m200 [0m3.872 ms - 170[0m
[0mGET / [32m200 [0m4.899 ms - 170[0m
[0mGET / [32m200 [0m4.524 ms - 170[0m
[0mGET / [32m200 [0m4.501 ms - 170[0m
[0mGET / [32m200 [0m4.905 ms - 170[0m
[0mGET / [32m200 [0m4.080 ms - 170[0m
[0mGET / [32m200 [0m4.754 ms - 170[0m
[0mGET / [32m200 [0m5.734 ms - 170[0m
[0mGET / [32m200 [0m4.050 ms - 170[0m
[0mGET / [32m200 [0m4.377 ms - 170[0m
[0mGET / [32m200 [0m5.133 ms - 170[0m
[0mGET / [32m200 [0m5.081 ms - 170[0m
[0mGET / [32m200 [0m14.211 ms - 170[0m
[0mGET / [32m200 [0m4.118 ms - 170[0m
[0mGET / [32m200 [0m5.711 ms - 170[0m
[0mGET / [32m200 [0m4.639 ms - 170[0m
[0mGET / [32m200 [0m3.976 ms - 170[0m
[0mGET / [32m200 [0m4.569 ms - 170[0m
[0mGET / [32m200 [0m4.060 ms - 170[0m
[0mGET / [32m200 [0m5.762 ms - 170[0m
[0mGET / [32m200 [0m4.726 ms - 170[0m
[0mGET / [32m200 [0m4.493 ms - 170[0m
[0mGET / [32m200 [0m4.657 ms - 170[0m
[0mGET / [32m200 [0m6.671 ms - 170[0m
[0mGET / [32m200 [0m4.569 ms - 170[0m
[0mGET / [32m200 [0m5.259 ms - 170[0m
[0mGET / [32m200 [0m12.942 ms - 170[0m
[0mGET / [32m200 [0m6.275 ms - 170[0m
[0mGET / [32m200 [0m5.411 ms - 170[0m
[0mGET / [32m200 [0m4.214 ms - 170[0m
[0mGET / [32m200 [0m5.065 ms - 170[0m
[0mGET / [32m200 [0m5.060 ms - 170[0m
[0mGET / [32m200 [0m4.005 ms - 170[0m
[0mGET / [32m200 [0m4.482 ms - 170[0m
[0mGET / [32m200 [0m4.220 ms - 170[0m
[0mGET / [32m200 [0m4.384 ms - 170[0m
[0mGET / [32m200 [0m4.716 ms - 170[0m
[0mGET / [32m200 [0m4.611 ms - 170[0m
[0mGET / [32m200 [0m5.420 ms - 170[0m
[0mGET / [32m200 [0m4.593 ms - 170[0m
[0mGET / [32m200 [0m4.099 ms - 170[0m
[0mGET / [32m200 [0m4.385 ms - 170[0m
[0mGET / [32m200 [0m4.177 ms - 170[0m
[0mGET / [32m200 [0m4.957 ms - 170[0m
[0mGET / [32m200 [0m6.310 ms - 170[0m
[0mGET / [32m200 [0m4.012 ms - 170[0m
[0mGET / [32m200 [0m4.872 ms - 170[0m
[0mGET / [32m200 [0m4.534 ms - 170[0m
[0mGET / [32m200 [0m4.774 ms - 170[0m
[0mGET / [32m200 [0m5.028 ms - 170[0m
[0mGET / [32m200 [0m4.103 ms - 170[0m
[0mGET / [32m200 [0m4.538 ms - 170[0m
[0mGET / [32m200 [0m5.106 ms - 170[0m
[0mGET / [32m200 [0m4.959 ms - 170[0m
[0mGET / [32m200 [0m4.899 ms - 170[0m
[0mGET / [32m200 [0m5.087 ms - 170[0m
[0mGET / [32m200 [0m4.212 ms - 170[0m
[0mGET / [32m200 [0m4.557 ms - 170[0m
[0mGET / [32m200 [0m4.015 ms - 170[0m
[0mGET / [32m200 [0m4.391 ms - 170[0m
[0mGET / [32m200 [0m4.524 ms - 170[0m
[0mGET / [32m200 [0m3.916 ms - 170[0m
[0mGET /map_ports.html [33m404 [0m5.225 ms - 1095[0m
[0mGET / [32m200 [0m4.554 ms - 170[0m
[0mGET / [32m200 [0m4.545 ms - 170[0m
[0mGET / [32m200 [0m5.881 ms - 170[0m
[0mGET / [32m200 [0m5.702 ms - 170[0m
[0mGET / [32m200 [0m4.142 ms - 170[0m
[0mGET / [32m200 [0m8.244 ms - 170[0m
[0mGET / [32m200 [0m4.668 ms - 170[0m
[0mGET / [32m200 [0m3.901 ms - 170[0m
[0mGET / [32m200 [0m4.673 ms - 170[0m
[0mGET / [32m200 [0m4.012 ms - 170[0m
[0mGET / [32m200 [0m4.340 ms - 170[0m
[0mGET / [32m200 [0m4.538 ms - 170[0m
[0mGET / [32m200 [0m4.055 ms - 170[0m
[0mGET / [32m200 [0m5.799 ms - 170[0m
[0mGET / [32m200 [0m4.959 ms - 170[0m
[0mGET / [32m200 [0m3.795 ms - 170[0m
[0mGET / [32m200 [0m4.812 ms - 170[0m
[0mGET / [32m200 [0m4.256 ms - 170[0m
[0mGET / [32m200 [0m4.864 ms - 170[0m
[0mGET / [32m200 [0m4.795 ms - 170[0m
[0mGET / [32m200 [0m6.224 ms - 170[0m
[0mGET / [32m200 [0m4.330 ms - 170[0m
[0mGET / [32m200 [0m4.671 ms - 170[0m
[0mGET / [32m200 [0m6.300 ms - 170[0m
[0mGET / [32m200 [0m4.581 ms - 170[0m
[0mGET / [32m200 [0m6.749 ms - 170[0m
[0mGET / [32m200 [0m4.393 ms - 170[0m
[0mGET / [32m200 [0m4.600 ms - 170[0m
[0mGET / [32m200 [0m5.490 ms - 170[0m
[0mGET / [32m200 [0m4.894 ms - 170[0m
[0mGET / [32m200 [0m4.902 ms - 170[0m
[0mGET / [32m200 [0m3.907 ms - 170[0m
[0mGET /rongjunlaosp/class/0.html [33m404 [0m22.558 ms - 1095[0m
[0mGET /guojishibly/class/0.html [33m404 [0m5.725 ms - 1095[0m
[0mGET /zhengwu/html/466.html [33m404 [0m6.229 ms - 1095[0m
[0mGET / [32m200 [0m4.623 ms - 170[0m
[0mGET / [32m200 [0m4.998 ms - 170[0m
[0mGET / [32m200 [0m4.291 ms - 170[0m
[0mGET / [32m200 [0m4.889 ms - 170[0m
[0mGET / [32m200 [0m6.969 ms - 170[0m
[0mGET / [32m200 [0m5.639 ms - 170[0m
[0mGET / [32m200 [0m4.407 ms - 170[0m
[0mGET / [32m200 [0m5.416 ms - 170[0m
[0mGET / [32m200 [0m4.137 ms - 170[0m
[0mGET / [32m200 [0m6.435 ms - 170[0m
[0mGET / [32m200 [0m4.188 ms - 170[0m
[0mGET / [32m200 [0m4.916 ms - 170[0m
[0mGET / [32m200 [0m7.970 ms - 170[0m
[0mGET / [32m200 [0m4.034 ms - 170[0m
[0mGET / [32m200 [0m4.729 ms - 170[0m
[0mGET / [32m200 [0m4.732 ms - 170[0m
[0mGET / [32m200 [0m4.128 ms - 170[0m
[0mGET / [32m200 [0m5.267 ms - 170[0m
[0mGET / [32m200 [0m6.112 ms - 170[0m
[0mGET / [32m200 [0m4.836 ms - 170[0m
[0mGET / [32m200 [0m4.856 ms - 170[0m
[0mGET / [32m200 [0m3.987 ms - 170[0m
[0mGET / [32m200 [0m7.134 ms - 170[0m
[0mGET / [32m200 [0m5.945 ms - 170[0m
[0mGET / [32m200 [0m5.542 ms - 170[0m
[0mGET / [32m200 [0m5.326 ms - 170[0m
[0mGET / [32m200 [0m5.175 ms - 170[0m
[0mGET / [32m200 [0m4.404 ms - 170[0m
[0mGET / [32m200 [0m4.701 ms - 170[0m
[0mGET / [32m200 [0m7.579 ms - 170[0m
[0mGET / [32m200 [0m5.547 ms - 170[0m
[0mGET / [32m200 [0m5.003 ms - 170[0m
[0mGET / [32m200 [0m3.911 ms - 170[0m
[0mGET / [32m200 [0m4.972 ms - 170[0m
[0mGET / [32m200 [0m4.289 ms - 170[0m
[0mGET / [32m200 [0m4.564 ms - 170[0m
[0mHEAD /robots.txt [33m404 [0m14.458 ms - 1095[0m
[0mGET /robots.txt [33m404 [0m5.518 ms - 1095[0m
[0mGET / [32m200 [0m4.140 ms - 170[0m
[0mGET / [32m200 [0m4.800 ms - 170[0m
[0mGET / [32m200 [0m8.888 ms - 170[0m
[0mGET / [32m200 [0m4.060 ms - 170[0m
[0mGET / [32m200 [0m5.236 ms - 170[0m
[0mGET /robots.txt [33m404 [0m5.996 ms - 1095[0m
[0mGET / [32m200 [0m4.498 ms - 170[0m
[0mGET / [32m200 [0m5.354 ms - 170[0m
[0mGET / [32m200 [0m4.731 ms - 170[0m
[0mGET /stylesheets/style.css [32m200 [0m2.287 ms - 111[0m
[0mGET / [32m200 [0m4.287 ms - 170[0m
[0mGET / [32m200 [0m6.980 ms - 170[0m
[0mGET / [32m200 [0m5.012 ms - 170[0m
[0mGET / [32m200 [0m4.524 ms - 170[0m
[0mGET / [32m200 [0m4.599 ms - 170[0m
[0mGET / [32m200 [0m5.823 ms - 170[0m
[0mGET / [32m200 [0m9.113 ms - 170[0m
[0mGET / [32m200 [0m4.463 ms - 170[0m
[0mGET / [32m200 [0m5.341 ms - 170[0m
[0mGET / [32m200 [0m4.734 ms - 170[0m
[0mGET / [32m200 [0m6.485 ms - 170[0m
[0mGET / [32m200 [0m4.918 ms - 170[0m
[0mGET / [32m200 [0m22.958 ms - 170[0m
[0mGET / [32m200 [0m5.909 ms - 170[0m
[0mGET / [32m200 [0m4.363 ms - 170[0m
[0mGET / [32m200 [0m5.166 ms - 170[0m
[0mGET / [32m200 [0m3.867 ms - 170[0m
[0mGET / [32m200 [0m4.516 ms - 170[0m
[0mGET / [32m200 [0m4.919 ms - 170[0m
[0mGET / [32m200 [0m4.193 ms - 170[0m
[0mGET / [32m200 [0m8.527 ms - 170[0m
[0mGET / [32m200 [0m4.090 ms - 170[0m
[0mGET / [32m200 [0m4.697 ms - 170[0m
[0mGET / [32m200 [0m4.721 ms - 170[0m
[0mGET / [32m200 [0m4.036 ms - 170[0m
[0mGET / [32m200 [0m6.690 ms - 170[0m
[0mGET / [32m200 [0m5.054 ms - 170[0m
[0mGET / [32m200 [0m4.143 ms - 170[0m
[0mGET / [32m200 [0m4.482 ms - 170[0m
[0mGET / [32m200 [0m4.299 ms - 170[0m
[0mGET / [32m200 [0m6.925 ms - 170[0m
[0mGET / [32m200 [0m7.669 ms - 170[0m
[0mGET / [32m200 [0m5.086 ms - 170[0m
[0mGET / [32m200 [0m14.691 ms - 170[0m
[0mGET / [32m200 [0m5.393 ms - 170[0m
[0mGET / [32m200 [0m6.333 ms - 170[0m
[0mGET / [32m200 [0m5.831 ms - 170[0m
[0mGET / [32m200 [0m4.216 ms - 170[0m
[0mGET / [32m200 [0m4.611 ms - 170[0m
[0mGET / [32m200 [0m5.053 ms - 170[0m
[0mGET / [32m200 [0m4.324 ms - 170[0m
[0mGET / [32m200 [0m5.530 ms - 170[0m
[0mGET / [32m200 [0m4.426 ms - 170[0m
[0mGET / [32m200 [0m4.052 ms - 170[0m
[0mGET / [32m200 [0m5.750 ms - 170[0m
[0mGET / [32m200 [0m3.981 ms - 170[0m
[0mGET / [32m200 [0m4.674 ms - 170[0m
[0mGET / [32m200 [0m6.959 ms - 170[0m
[0mGET / [32m200 [0m6.228 ms - 170[0m
[0mGET / [32m200 [0m7.293 ms - 170[0m
[0mGET / [32m200 [0m5.316 ms - 170[0m
[0mGET / [32m200 [0m4.385 ms - 170[0m
[0mGET / [32m200 [0m4.960 ms - 170[0m
[0mGET / [32m200 [0m4.464 ms - 170[0m
[0mGET / [32m200 [0m6.409 ms - 170[0m
[0mGET / [32m200 [0m6.180 ms - 170[0m
[0mGET / [32m200 [0m3.950 ms - 170[0m
[0mGET / [32m200 [0m4.575 ms - 170[0m
[0mGET / [32m200 [0m4.603 ms - 170[0m
[0mGET / [32m200 [0m4.644 ms - 170[0m
[0mGET / [32m200 [0m4.716 ms - 170[0m
[0mGET / [32m200 [0m3.956 ms - 170[0m
[0mGET / [32m200 [0m4.932 ms - 170[0m
[0mGET / [32m200 [0m7.350 ms - 170[0m
[0mGET / [32m200 [0m4.225 ms - 170[0m
[0mGET / [32m200 [0m5.039 ms - 170[0m
[0mGET / [32m200 [0m6.803 ms - 170[0m
[0mGET / [32m200 [0m4.119 ms - 170[0m
[0mGET / [32m200 [0m4.532 ms - 170[0m
[0mGET / [32m200 [0m4.502 ms - 170[0m
[0mGET / [32m200 [0m4.756 ms - 170[0m
[0mGET / [32m200 [0m4.747 ms - 170[0m
[0mGET /stylesheets/style.css [36m304 [0m0.565 ms - -[0m
[0mGET / [36m304 [0m4.592 ms - -[0m
[0mGET /stylesheets/style.css [36m304 [0m0.397 ms - -[0m
[0mGET / [36m304 [0m4.653 ms - -[0m
[0mGET /stylesheets/style.css [36m304 [0m0.424 ms - -[0m
[0mGET / [32m200 [0m4.579 ms - 170[0m
[0mGET / [32m200 [0m4.648 ms - 170[0m
[0mGET /stylesheets/style.css [36m304 [0m0.570 ms - -[0m
[0mGET / [36m304 [0m4.948 ms - -[0m
[0mGET /stylesheets/style.css [36m304 [0m0.630 ms - -[0m
[0mGET / [36m304 [0m5.038 ms - -[0m
[0mGET /stylesheets/style.css [36m304 [0m0.426 ms - -[0m
[0mGET / [36m304 [0m4.360 ms - -[0m
[0mGET /stylesheets/style.css [36m304 [0m0.423 ms - -[0m
[0mGET / [32m200 [0m4.838 ms - 170[0m
[0mGET / [32m200 [0m4.728 ms - 170[0m
[0mGET /favicon.ico [33m404 [0m4.838 ms - 1095[0m
[0mGET /stylesheets/style.css [32m200 [0m0.673 ms - 111[0m
[0mGET / [32m200 [0m8.562 ms - 170[0m
[0mGET / [32m200 [0m4.688 ms - 170[0m
[0mGET / [32m200 [0m5.897 ms - 170[0m
[0mGET / [32m200 [0m5.211 ms - 170[0m
[0mGET / [32m200 [0m3.876 ms - 170[0m
[0mGET / [32m200 [0m4.769 ms - 170[0m
[0mGET / [32m200 [0m4.698 ms - 170[0m
[0mGET / [36m304 [0m6.080 ms - -[0m
[0mGET /stylesheets/style.css [36m304 [0m0.416 ms - -[0m
[0mGET /favicon.ico [33m404 [0m5.268 ms - 1095[0m
[0mGET / [36m304 [0m5.189 ms - -[0m
[0mGET /stylesheets/style.css [36m304 [0m0.376 ms - -[0m
[0mGET / [36m304 [0m5.281 ms - -[0m
[0mGET /stylesheets/style.css [36m304 [0m0.418 ms - -[0m
[0mGET / [36m304 [0m6.092 ms - -[0m
[0mGET /stylesheets/style.css [36m304 [0m0.379 ms - -[0m
[0mGET / [32m200 [0m4.884 ms - 170[0m
[0mGET / [32m200 [0m4.096 ms - 170[0m
[0mGET / [32m200 [0m5.174 ms - 170[0m
[0mGET / [32m200 [0m5.995 ms - 170[0m
[0mGET / [32m200 [0m4.772 ms - 170[0m
[0mGET / [36m304 [0m6.745 ms - -[0m
[0mGET /stylesheets/style.css [36m304 [0m0.368 ms - -[0m
[0mGET / [32m200 [0m4.578 ms - 170[0m
[0mGET / [32m200 [0m5.795 ms - 171[0m
[0mGET /stylesheets/style.css [36m304 [0m1.052 ms - -[0m
[0mGET / [36m304 [0m5.338 ms - -[0m
[0mGET /stylesheets/style.css [36m304 [0m0.472 ms - -[0m
[0mGET / [36m304 [0m4.367 ms - -[0m
[0mGET /stylesheets/style.css [36m304 [0m0.469 ms - -[0m
[0mGET / [36m304 [0m5.035 ms - -[0m
[0mGET /stylesheets/style.css [36m304 [0m0.470 ms - -[0m
[0mGET / [36m304 [0m8.624 ms - -[0m
[0mGET /stylesheets/style.css [36m304 [0m5.691 ms - -[0m
[0mGET / [36m304 [0m5.835 ms - -[0m
[0mGET /stylesheets/style.css [36m304 [0m0.488 ms - -[0m
[0mGET / [36m304 [0m5.201 ms - -[0m
[0mGET /stylesheets/style.css [36m304 [0m0.557 ms - -[0m
[0mGET / [36m304 [0m4.752 ms - -[0m
[0mGET /stylesheets/style.css [36m304 [0m0.433 ms - -[0m
[0mGET / [32m200 [0m4.412 ms - 171[0m
[0mGET / [32m200 [0m6.891 ms - 171[0m
[0mGET /error [33m404 [0m5.426 ms - 1095[0m
[0mGET /stylesheets/style.css [36m304 [0m0.370 ms - -[0m
[0mGET /err [33m404 [0m6.038 ms - 1095[0m
[0mGET /stylesheets/style.css [36m304 [0m0.379 ms - -[0m
[0mGET /err [33m404 [0m6.676 ms - 1095[0m
[0mGET /stylesheets/style.css [36m304 [0m0.437 ms - -[0m
[0mGET / [36m304 [0m4.976 ms - -[0m
[0mGET /stylesheets/style.css [36m304 [0m0.498 ms - -[0m
[0mGET / [32m200 [0m14.869 ms - 171[0m
[0mGET /robots.txt [33m404 [0m4.614 ms - 1095[0m
[0mGET / [32m200 [0m5.496 ms - 171[0m
[0mGET / [32m200 [0m4.871 ms - 171[0m
[0mGET / [32m200 [0m4.279 ms - 171[0m
[0mGET / [32m200 [0m6.023 ms - 171[0m
[0mGET / [32m200 [0m4.879 ms - 171[0m
[0mGET / [32m200 [0m6.205 ms - 171[0m
[0mGET / [32m200 [0m4.558 ms - 171[0m
[0mGET / [32m200 [0m4.171 ms - 171[0m
[0mGET / [32m200 [0m4.798 ms - 171[0m
